c:\users\sandhir dhanda\source\repos\gameproject_v1.0\gameproject_v1.0\debug\vc143.pdb
c:\users\sandhir dhanda\source\repos\gameproject_v1.0\gameproject_v1.0\debug\vc143.idb
c:\users\sandhir dhanda\source\repos\gameproject_v1.0\gameproject_v1.0\debug\game.obj
c:\users\sandhir dhanda\source\repos\gameproject_v1.0\gameproject_v1.0\debug\vector3.obj
c:\users\sandhir dhanda\source\repos\gameproject_v1.0\gameproject_v1.0\debug\mouse.obj
c:\users\sandhir dhanda\source\repos\gameproject_v1.0\gameproject_v1.0\debug\keyboard.obj
c:\users\sandhir dhanda\source\repos\gameproject_v1.0\gameproject_v1.0\debug\texture.obj
c:\users\sandhir dhanda\source\repos\gameproject_v1.0\gameproject_v1.0\debug\sprite.obj
c:\users\sandhir dhanda\source\repos\gameproject_v1.0\gameproject_v1.0\debug\engine.obj
c:\users\sandhir dhanda\source\repos\gameproject_v1.0\gameproject_v1.0\debug\rigidbody.obj
c:\users\sandhir dhanda\source\repos\gameproject_v1.0\gameproject_v1.0\debug\flapper.obj
c:\users\sandhir dhanda\source\repos\gameproject_v1.0\gameproject_v1.0\debug\inputmanager.obj
c:\users\sandhir dhanda\source\repos\gameproject_v1.0\gameproject_v1.0\debug\rect.obj
c:\users\sandhir dhanda\source\repos\gameproject_v1.0\gameproject_v1.0\debug\math.obj
c:\users\sandhir dhanda\source\repos\gameproject_v1.0\gameproject_v1.0\debug\pipe.obj
c:\users\sandhir dhanda\source\repos\gameproject_v1.0\debug\gameproject_v1.0.exe
c:\users\sandhir dhanda\source\repos\gameproject_v1.0\gameproject_v1.0\debug\gameproject_v1.0.ilk
c:\users\sandhir dhanda\source\repos\gameproject_v1.0\debug\gameproject_v1.0.pdb
c:\users\sandhir dhanda\source\repos\gameproject_v1.0\gameproject_v1.0\debug\gameproject_v1.0.tlog\cl.command.1.tlog
c:\users\sandhir dhanda\source\repos\gameproject_v1.0\gameproject_v1.0\debug\gameproject_v1.0.tlog\cl.read.1.tlog
c:\users\sandhir dhanda\source\repos\gameproject_v1.0\gameproject_v1.0\debug\gameproject_v1.0.tlog\cl.write.1.tlog
c:\users\sandhir dhanda\source\repos\gameproject_v1.0\gameproject_v1.0\debug\gameproject_v1.0.tlog\link.command.1.tlog
c:\users\sandhir dhanda\source\repos\gameproject_v1.0\gameproject_v1.0\debug\gameproject_v1.0.tlog\link.read.1.tlog
c:\users\sandhir dhanda\source\repos\gameproject_v1.0\gameproject_v1.0\debug\gameproject_v1.0.tlog\link.write.1.tlog
